[debug] [2023-12-20T10:01:59.436Z] ----------------------------------------------------------------------
[debug] [2023-12-20T10:01:59.438Z] Command:       C:\Program Files\nodejs\node.exe C:\Users\Ahmad\AppData\Roaming\npm\node_modules\firebase-tools\lib\bin\firebase.js login
[debug] [2023-12-20T10:01:59.438Z] CLI Version:   13.0.2
[debug] [2023-12-20T10:01:59.439Z] Platform:      win32
[debug] [2023-12-20T10:01:59.439Z] Node Version:  v18.18.2
[debug] [2023-12-20T10:01:59.440Z] Time:          Wed Dec 20 2023 12:01:59 GMT+0200 (Israel Standard Time)
[debug] [2023-12-20T10:01:59.440Z] ----------------------------------------------------------------------
[debug] 
[info] i  Firebase optionally collects CLI and Emulator Suite usage and error reporting information to help improve our products. Data is collected in accordance with Google's privacy policy (https://policies.google.com/privacy) and is not used to identify you.
 
[info] i  To change your data collection preference at any time, run `firebase logout` and log in again. 
[info] 
[info] Visit this URL on this device to log in:
[info] https://accounts.google.com/o/oauth2/auth?client_id=563584335869-fgrhgmd47bqnekij5i8b5pr03ho849e6.apps.googleusercontent.com&scope=email%20openid%20https%3A%2F%2Fwww.googleapis.com%2Fauth%2Fcloudplatformprojects.readonly%20https%3A%2F%2Fwww.googleapis.com%2Fauth%2Ffirebase%20https%3A%2F%2Fwww.googleapis.com%2Fauth%2Fcloud-platform&response_type=code&state=328726916&redirect_uri=http%3A%2F%2Flocalhost%3A9005
[info] 
[info] Waiting for authentication...
[debug] [2023-12-20T10:28:15.767Z] ----------------------------------------------------------------------
[debug] [2023-12-20T10:28:15.769Z] Command:       C:\Program Files\nodejs\node.exe C:\Users\Ahmad\AppData\Roaming\npm\node_modules\firebase-tools\lib\bin\firebase.js login
[debug] [2023-12-20T10:28:15.769Z] CLI Version:   13.0.2
[debug] [2023-12-20T10:28:15.769Z] Platform:      win32
[debug] [2023-12-20T10:28:15.770Z] Node Version:  v18.18.2
[debug] [2023-12-20T10:28:15.770Z] Time:          Wed Dec 20 2023 12:28:15 GMT+0200 (Israel Standard Time)
[debug] [2023-12-20T10:28:15.770Z] ----------------------------------------------------------------------
[debug] 
[info] i  Firebase optionally collects CLI and Emulator Suite usage and error reporting information to help improve our products. Data is collected in accordance with Google's privacy policy (https://policies.google.com/privacy) and is not used to identify you.
 
[info] i  To change your data collection preference at any time, run `firebase logout` and log in again. 
[info] 
[info] Visit this URL on this device to log in:
[info] https://accounts.google.com/o/oauth2/auth?client_id=563584335869-fgrhgmd47bqnekij5i8b5pr03ho849e6.apps.googleusercontent.com&scope=email%20openid%20https%3A%2F%2Fwww.googleapis.com%2Fauth%2Fcloudplatformprojects.readonly%20https%3A%2F%2Fwww.googleapis.com%2Fauth%2Ffirebase%20https%3A%2F%2Fwww.googleapis.com%2Fauth%2Fcloud-platform&response_type=code&state=1057753224&redirect_uri=http%3A%2F%2Flocalhost%3A9005
[info] 
[info] Waiting for authentication...
